<?xml version="1.0" encoding="UTF-8"?>
<testng-results skipped="0" failed="0" ignored="0" total="1" passed="1">
  <reporter-output>
  </reporter-output>
  <suite name="Suite" duration-ms="19931" started-at="2020-09-27T08:29:10Z" finished-at="2020-09-27T08:29:30Z">
    <groups>
    </groups>
    <test name="Test" duration-ms="19931" started-at="2020-09-27T08:29:10Z" finished-at="2020-09-27T08:29:30Z">
      <class name="FirstMavenPackage.FacebookAutomationProject.FacebookLoginTestCases">
        <test-method status="PASS" signature="init()[pri:0, instance:FirstMavenPackage.FacebookAutomationProject.FacebookLoginTestCases@77b52d12]" name="init" is-config="true" duration-ms="14558" started-at="2020-09-27T08:29:10Z" finished-at="2020-09-27T08:29:24Z">
          <reporter-output>
          </reporter-output>
        </test-method> <!-- init -->
        <test-method status="PASS" signature="TC01_VerifyInvalidCredLogin()[pri:0, instance:FirstMavenPackage.FacebookAutomationProject.FacebookLoginTestCases@77b52d12]" name="TC01_VerifyInvalidCredLogin" duration-ms="4392" started-at="2020-09-27T08:29:24Z" finished-at="2020-09-27T08:29:29Z">
          <reporter-output>
          </reporter-output>
        </test-method> <!-- TC01_VerifyInvalidCredLogin -->
        <test-method status="PASS" signature="closeBrowser()[pri:0, instance:FirstMavenPackage.FacebookAutomationProject.FacebookLoginTestCases@77b52d12]" name="closeBrowser" is-config="true" duration-ms="959" started-at="2020-09-27T08:29:29Z" finished-at="2020-09-27T08:29:30Z">
          <reporter-output>
          </reporter-output>
        </test-method> <!-- closeBrowser -->
      </class> <!-- FirstMavenPackage.FacebookAutomationProject.FacebookLoginTestCases -->
    </test> <!-- Test -->
  </suite> <!-- Suite -->
</testng-results>
