<?xml version="1.0" encoding="UTF-8"?>
<testng-results skipped="0" failed="0" ignored="0" total="1" passed="1">
  <reporter-output>
  </reporter-output>
  <suite name="Suite" duration-ms="31214" started-at="2020-10-04T06:42:44Z" finished-at="2020-10-04T06:43:15Z">
    <groups>
    </groups>
    <test name="Test" duration-ms="31214" started-at="2020-10-04T06:42:44Z" finished-at="2020-10-04T06:43:15Z">
      <class name="FirstMavenPackage.FacebookAutomationProject.FacebookLoginTestCases">
        <test-method status="PASS" signature="init()[pri:0, instance:FirstMavenPackage.FacebookAutomationProject.FacebookLoginTestCases@77b52d12]" name="init" is-config="true" duration-ms="23593" started-at="2020-10-04T06:42:44Z" finished-at="2020-10-04T06:43:08Z">
          <reporter-output>
          </reporter-output>
        </test-method> <!-- init -->
        <test-method status="PASS" signature="TC01_VerifyInvalidCredLogin()[pri:0, instance:FirstMavenPackage.FacebookAutomationProject.FacebookLoginTestCases@77b52d12]" name="TC01_VerifyInvalidCredLogin" duration-ms="5934" started-at="2020-10-04T06:43:08Z" finished-at="2020-10-04T06:43:13Z">
          <reporter-output>
          </reporter-output>
        </test-method> <!-- TC01_VerifyInvalidCredLogin -->
        <test-method status="PASS" signature="closeBrowser()[pri:0, instance:FirstMavenPackage.FacebookAutomationProject.FacebookLoginTestCases@77b52d12]" name="closeBrowser" is-config="true" duration-ms="1637" started-at="2020-10-04T06:43:13Z" finished-at="2020-10-04T06:43:15Z">
          <reporter-output>
          </reporter-output>
        </test-method> <!-- closeBrowser -->
      </class> <!-- FirstMavenPackage.FacebookAutomationProject.FacebookLoginTestCases -->
    </test> <!-- Test -->
  </suite> <!-- Suite -->
</testng-results>
