<?xml version="1.0" encoding="UTF-8"?>
<testng-results skipped="0" failed="0" total="1" passed="1">
  <reporter-output>
  </reporter-output>
  <suite name="Default suite" duration-ms="60" started-at="2020-09-26T16:54:46Z" finished-at="2020-09-26T16:54:46Z">
    <groups>
    </groups>
    <test name="Default test" duration-ms="60" started-at="2020-09-26T16:54:46Z" finished-at="2020-09-26T16:54:46Z">
      <class name="FirstMavenPackage.FacebookAutomationProject.FacebookLoginPageTwo">
        <test-method status="PASS" signature="TestHelloMessage()[pri:0, instance:FirstMavenPackage.FacebookAutomationProject.FacebookLoginPageTwo@6cc4c815]" name="TestHelloMessage" duration-ms="28" started-at="2020-09-26T22:24:46Z" finished-at="2020-09-26T22:24:46Z">
          <reporter-output>
          </reporter-output>
        </test-method> <!-- TestHelloMessage -->
      </class> <!-- FirstMavenPackage.FacebookAutomationProject.FacebookLoginPageTwo -->
    </test> <!-- Default test -->
  </suite> <!-- Default suite -->
</testng-results>
